{"C:\\Users\\OBED\\Documents\\MayorDevops\\cicd\\index.js": {"path":"C:\\Users\\OBED\\Documents\\MayorDevops\\cicd\\index.js","statementMap":{"0":{"start":{"line":2,"column":2},"end":{"line":2,"column":15}},"1":{"start":{"line":5,"column":0},"end":{"line":5,"column":21}}},"fnMap":{"0":{"name":"add","decl":{"start":{"line":1,"column":9},"end":{"line":1,"column":12}},"loc":{"start":{"line":1,"column":20},"end":{"line":3,"column":1}},"line":1}},"branchMap":{},"s":{"0":1,"1":1},"f":{"0":1},"b":{},"_coverageSchema":"1a1c01bbd47fc00a2c39e90264f33305004495a9","hash":"102e3c71cab43deb93a6657e96b20dc0ea48d35c"}
}
